#
#
#
#
#
#    Don't try viewing this report without a plog-converter utility!!!
#
#    plog-converter -a GA:1,2 -t tasklist -o report.tasks /path/to/this/file.log
#
#    A link to the documentation: https://pvs-studio.com/en/docs/manual/0036/
#
#
#
#
#
d99cf3ba-6fcd-43f9-9260-1179fa3a9bed
dR'8_uR%Rr[ixRER'haa@->uR%RBRER']uR%*i*ER U2=u$2UaPR% U2=uER2uvu2R%xERPu==UjuR%RQ8>wv8-_c h>'o-8>c=L8h2_cauoha>cUcvU2hu}RERk8=-o-8>=R%!dR -2uR%R(a88o(,882'LU->(68_h2u\U'sua(PU->}'RER2->u=R%!xSX"B"ERkauv@->uR%Rc ]a-ou;Z=-:uEc=-:u8 ;h->o*JKo^EcxEcoUajuo^nRER=U=o1_R%R{<C,w6.{[Jw{\\RB
dR'8_uR%Rr[G[RER'haa@->uR%Rc '28=u;=8ha'u^nRER']uR%VJXER U2=u$2UaPR% U2=uER2uvu2R%*ERPu==UjuR%R,Luck8ou>o-U2c>h22ck8->ouac-=ckU==u_c->o8cN '28=uNc h>'o-8>}c1>=ku'ocoLuc -a=ocUajhPu>o}RERk8=-o-8>=R%!dR -2uR%R(a88o(,882'LU->(68_h2u\U'sua(PU->}'RER2->u=R%!GS"B"ERkauv@->uR%Rc ]a-ou;Zu/oaUO->Ua-u=Ec=-:u8 ;u/oaUO->Ua-u=^EcxEcoUajuo^ncRER=U=o1_R%R{<C,w<M\*Gw{RB
dR'8_uR%Rr[G[RER'haa@->uR%Rcc '28=u;=8ha'u^nRER']uR%VJXER U2=u$2UaPR% U2=uER2uvu2R%*ERPu==UjuR%R,Luck8ou>o-U2c>h22ck8->ouac-=ckU==u_c->o8cN '28=uNc h>'o-8>}c1>=ku'ocoLuc -a=ocUajhPu>o}RERk8=-o-8>=R%!dR -2uR%R(a88o(,882'LU->(68_h2u\U'sua(PU->}'RER2->u=R%!XJ"B"ER=U=o1_R%R{<C,w<M\*Gw{RB
r-vUVbw<6y|D3 h22y|D3xy|D3y|D3uaa8ay|D3Cu>u]y|D3e8hac2-'u>=uc-=c->vU2-_c8ac->'8aau'o}c\2uU=uc'Lu'scoLUocf8hac'au_u>o-U2=cUauc=ku22u_c'8aau'o2f}y|D3 U2=uy|D3Sy|D3y|D3y|D3y|D3xy|D3
